<?xml version="1.0" encoding="UTF-8"?>
<testsuite name="wthr.test.TestFileUtils" tests="4" skipped="0" failures="0" errors="0" timestamp="2016-04-03T16:55:48" hostname="DESKTOP-5RNO8QI" time="0.004">
  <properties/>
  <testcase name="checkFileThatStartWithLisbon" classname="wthr.test.TestFileUtils" time="0.002"/>
  <testcase name="checkIfFileExists" classname="wthr.test.TestFileUtils" time="0.0"/>
  <testcase name="checkFileDoesNotExist" classname="wthr.test.TestFileUtils" time="0.0"/>
  <testcase name="checkNonexistingFile" classname="wthr.test.TestFileUtils" time="0.001"/>
  <system-out><![CDATA[]]></system-out>
  <system-err><![CDATA[]]></system-err>
</testsuite>
