<?xml version="1.0" encoding="UTF-8"?>
<testsuite name="wthr.test.TestFileHttp" tests="1" skipped="0" failures="0" errors="0" timestamp="2016-04-03T16:55:48" hostname="DESKTOP-5RNO8QI" time="0.091">
  <properties/>
  <testcase name="getFromHttpAndWriteToFile" classname="wthr.test.TestFileHttp" time="0.091"/>
  <system-out><![CDATA[]]></system-out>
  <system-err><![CDATA[]]></system-err>
</testsuite>
