<?xml version="1.0" encoding="UTF-8"?>
<testsuite name="wthr.test.TestCacheFile" tests="1" skipped="0" failures="0" errors="0" timestamp="2016-04-03T16:55:48" hostname="DESKTOP-5RNO8QI" time="0.027">
  <properties/>
  <testcase name="simple_test" classname="wthr.test.TestCacheFile" time="0.027"/>
  <system-out><![CDATA[]]></system-out>
  <system-err><![CDATA[]]></system-err>
</testsuite>
